<?xml version="1.0" encoding="UTF-8"?>
<!-- Generated by org.testng.reporters.JUnitReportReporter -->
<testsuite hostname="DESKTOP-M4EEAT2" failures="0" tests="3" name="Ayushi.Tests.SubmitOrderTest" time="41.713" errors="0" timestamp="2024-06-28T17:14:57 IST" skipped="0">
  <testcase classname="Ayushi.Tests.SubmitOrderTest" name="SubmitOrder" time="16.289"/>
  <system-out/>
  <testcase classname="Ayushi.Tests.SubmitOrderTest" name="SubmitOrder" time="14.192"/>
  <system-out/>
  <testcase classname="Ayushi.Tests.SubmitOrderTest" name="OrderHistory" time="11.232"/>
  <system-out/>
</testsuite> <!-- Ayushi.Tests.SubmitOrderTest -->
