<?xml version="1.0" encoding="UTF-8"?>
<!-- Generated by org.testng.reporters.JUnitReportReporter -->
<testsuite hostname="DESKTOP-M4EEAT2" failures="0" tests="1" name="Ayushi.Tests.StandAloneTestJava" time="24.793" errors="0" timestamp="2024-06-09T01:51:35 IST" skipped="0">
  <testcase classname="Ayushi.Tests.StandAloneTestJava" name="SubmitOrder" time="24.793"/>
  <system-out/>
</testsuite> <!-- Ayushi.Tests.StandAloneTestJava -->
